<?xml version="1.0" encoding="UTF-8"?>
<!-- Generated by org.testng.reporters.JUnitXMLReporter -->
<testsuite ignored="0" hostname="Viraj" failures="0" tests="20" name="API Tests" time="12.409" errors="0" timestamp="2025-10-01T07:34:49 AEST">
  <testcase classname="testcases.ProductTests" name="getProductWithLimit" time="1.521"/>
  <testcase classname="testcases.ProductTests" name="testCreateNewProduct" time="0.695"/>
  <testcase classname="testcases.ProductTests" name="testDeleteProduct" time="0.459"/>
  <testcase classname="testcases.ProductTests" name="testGetAllCategories" time="0.937"/>
  <testcase classname="testcases.ProductTests" name="testGetAllProducts" time="0.351"/>
  <testcase classname="testcases.ProductTests" name="testGetCategoryById" time="0.42"/>
  <testcase classname="testcases.ProductTests" name="testGetSortedProductInAsc" time="0.45"/>
  <testcase classname="testcases.ProductTests" name="testGetSortedProductInDesc" time="1.228"/>
  <testcase classname="testcases.ProductTests" name="testProductById" time="0.341"/>
  <testcase classname="testcases.ProductTests" name="testUpdateProduct" time="0.407"/>
  <testcase classname="testcases.CartTests" name="testAddNewCart" time="0.476"/>
  <testcase classname="testcases.CartTests" name="testDeleteCart" time="0.507"/>
  <testcase classname="testcases.CartTests" name="testGetAllCartItems" time="0.432"/>
  <testcase classname="testcases.CartTests" name="testGetCartInDataRange" time="0.49"/>
  <testcase classname="testcases.CartTests" name="testGetCartItemsById" time="0.432"/>
  <testcase classname="testcases.CartTests" name="testGetCartItemsByUserId" time="0.504"/>
  <testcase classname="testcases.CartTests" name="testGetCartItemsWithLimit" time="0.452"/>
  <testcase classname="testcases.CartTests" name="testGetSortedInDesc" time="0.449"/>
  <testcase classname="testcases.CartTests" name="testSortedCartItemsInAsc" time="0.445"/>
  <testcase classname="testcases.CartTests" name="updateCart" time="0.935"/>
</testsuite> <!-- API Tests -->
