<?xml version="1.0" encoding="UTF-8"?>
<!-- Generated by org.testng.reporters.JUnitXMLReporter -->
<testsuite ignored="0" hostname="Viraj" failures="0" tests="10" name="Carts Tests" time="2.746" errors="0" timestamp="2025-10-03T07:21:22 AEST">
  <testcase classname="testcases.CartTests" name="testAddNewCart" time="0.484"/>
  <testcase classname="testcases.CartTests" name="testDeleteCart" time="0.55"/>
  <testcase classname="testcases.CartTests" name="testGetAllCartItems" time="0.521"/>
  <testcase classname="testcases.CartTests" name="testGetCartInDataRange" time="0.504"/>
  <testcase classname="testcases.CartTests" name="testGetCartItemsByUserId" time="0.511"/>
  <testcase classname="testcases.CartTests" name="testGetCartItemsById" time="0.665"/>
  <testcase classname="testcases.CartTests" name="testGetCartItemsWithLimit" time="0.551"/>
  <testcase classname="testcases.CartTests" name="testGetSortedInDesc" time="0.569"/>
  <testcase classname="testcases.CartTests" name="updateCart" time="0.465"/>
  <testcase classname="testcases.CartTests" name="testSortedCartItemsInAsc" time="0.602"/>
</testsuite> <!-- Carts Tests -->
