<?xml version="1.0" encoding="UTF-8"?>
<!-- Generated by org.testng.reporters.JUnitXMLReporter -->
<testsuite ignored="0" hostname="Viraj" failures="0" tests="10" name="Products Tests" time="7.71" errors="0" timestamp="2025-10-03T07:21:17 AEST">
  <testcase classname="testcases.ProductTests" name="testCreateNewProduct" time="3.438"/>
  <testcase classname="testcases.ProductTests" name="getProductWithLimit" time="3.351"/>
  <testcase classname="testcases.ProductTests" name="testGetAllCategories" time="1.066"/>
  <testcase classname="testcases.ProductTests" name="testDeleteProduct" time="1.145"/>
  <testcase classname="testcases.ProductTests" name="testGetCategoryById" time="0.601"/>
  <testcase classname="testcases.ProductTests" name="testGetAllProducts" time="1.43"/>
  <testcase classname="testcases.ProductTests" name="testGetSortedProductInAsc" time="0.755"/>
  <testcase classname="testcases.ProductTests" name="testProductById" time="0.503"/>
  <testcase classname="testcases.ProductTests" name="testGetSortedProductInDesc" time="0.53"/>
  <testcase classname="testcases.ProductTests" name="testUpdateProduct" time="0.456"/>
</testsuite> <!-- Products Tests -->
