<?xml version="1.0" encoding="UTF-8"?>
<!-- Generated by org.testng.reporters.JUnitXMLReporter -->
<testsuite ignored="0" hostname="Viraj" failures="0" tests="8" name="Users Tests" time="2.531" errors="0" timestamp="2025-10-03T07:21:20 AEST">
  <testcase classname="testcases.UsersTests" name="testDeleteUser" time="0.575"/>
  <testcase classname="testcases.UsersTests" name="testAddNewUser" time="0.848"/>
  <testcase classname="testcases.UsersTests" name="testGetAllUsers" time="0.633"/>
  <testcase classname="testcases.UsersTests" name="testGetUserById" time="0.546"/>
  <testcase classname="testcases.UsersTests" name="testGetUsersSortedInAsc" time="0.655"/>
  <testcase classname="testcases.UsersTests" name="testGetUsersSortedInDesc" time="0.614"/>
  <testcase classname="testcases.UsersTests" name="testGetUsersWithLimit" time="0.56"/>
  <testcase classname="testcases.UsersTests" name="testUpdateUser" time="0.493"/>
</testsuite> <!-- Users Tests -->
