<?xml version="1.0" encoding="UTF-8"?>
<testsuite xmlns:xsi="http://www.w3.org/2001/XMLSchema-instance" xsi:noNamespaceSchemaLocation="https://maven.apache.org/surefire/maven-surefire-plugin/xsd/surefire-test-report-3.0.xsd" version="3.0" name="TestSuite" time="16.116" tests="30" errors="0" skipped="0" failures="0">
  <properties>
[...]
</properties>
  <testcase name="testCreateNewProduct" classname="testcases.ProductTests" time="3.495">
    <system-out><![CDATA[{
    "id": 21,
    "title": "Mediocre Concrete Bag",
    "price": 59.91,
    "description": "Optio nihil et magni repudiandae.",
    "image": "https://i.pravatar.cc/100",
    "category": "books"
}
Product Id is: 21
]]></system-out>
    <system-err><![CDATA[SLF4J: Failed to load class "org.slf4j.impl.StaticLoggerBinder".
SLF4J: Defaulting to no-operation (NOP) logger implementation
SLF4J: See http://www.slf4j.org/codes.html#StaticLoggerBinder for further details.
]]></system-err>
  </testcase>
  <testcase name="getProductWithLimit" classname="testcases.ProductTests" time="3.501"/>
  <testcase name="testGetAllCategories" classname="testcases.ProductTests" time="1.067"/>
  <testcase name="testDeleteProduct" classname="testcases.ProductTests" time="0.073"/>
  <testcase name="testGetCategoryById" classname="testcases.ProductTests" time="0.604"/>
  <testcase name="testGetAllProducts" classname="testcases.ProductTests" time="0.754"/>
  <testcase name="testGetSortedProductInAsc" classname="testcases.ProductTests" time="0.003"/>
  <testcase name="testProductById" classname="testcases.ProductTests" time="0.506"/>
  <testcase name="testGetSortedProductInDesc" classname="testcases.ProductTests" time="0.026"/>
  <testcase name="testUpdateProduct" classname="testcases.ProductTests" time="0.464">
    <system-out><![CDATA[{
    "id": 1,
    "title": "Rustic Iron Table",
    "price": 45.06,
    "description": "Autem deleniti voluptatum voluptatem aliquid aut ut et.",
    "image": "https://i.pravatar.cc/100",
    "category": "books"
}
]]></system-out>
  </testcase>
  <testcase name="testDeleteUser" classname="testcases.UsersTests" time="0.578"/>
  <testcase name="testAddNewUser" classname="testcases.UsersTests" time="0.277">
    <system-out><![CDATA[{
    "id": 11
}
UserId is: 11
]]></system-out>
  </testcase>
  <testcase name="testGetAllUsers" classname="testcases.UsersTests" time="0.359"/>
  <testcase name="testGetUserById" classname="testcases.UsersTests" time="0.19">
    <system-out><![CDATA[{
    "address": {
        "geolocation": {
            "lat": "-37.3159",
            "long": "81.1496"
        },
        "city": "kilcoole",
        "street": "new road",
        "number": 7682,
        "zipcode": "12926-3874"
    },
    "id": 1,
    "email": "john@gmail.com",
    "username": "johnd",
    "password": "m38rmF$",
    "name": {
        "firstname": "john",
        "lastname": "doe"
    },
    "phone": "1-570-236-7033",
    "__v": 0
}
]]></system-out>
  </testcase>
  <testcase name="testGetUsersSortedInAsc" classname="testcases.UsersTests" time="0.464"/>
  <testcase name="testGetUsersSortedInDesc" classname="testcases.UsersTests" time="0.155"/>
  <testcase name="testGetUsersWithLimit" classname="testcases.UsersTests" time="0.41"/>
  <testcase name="testUpdateUser" classname="testcases.UsersTests" time="0.497">
    <system-out><![CDATA[{
    "username": "sonja.streich",
    "email": "franklin.rice@yahoo.com",
    "password": "natiyh2ytcmdn37",
    "name": {
        "firstName": "Allena",
        "lastName": "Welch"
    },
    "address": {
        "city": "Carolannland",
        "street": "Ana Cove",
        "number": 57,
        "zipcode": "81602-1951",
        "geolocation": {
            "lat": "54.165851",
            "longitude": "-59.263096"
        }
    },
    "phoneNumber": "(441) 147-4994"
}
]]></system-out>
  </testcase>
  <testcase name="testAddNewCart" classname="testcases.CartTests" time="0.491">
    <system-out><![CDATA[{
    "id": 11,
    "userId": 1,
    "date": 1759440080117
}
]]></system-out>
  </testcase>
  <testcase name="testDeleteCart" classname="testcases.CartTests" time="0.061"/>
  <testcase name="testGetAllCartItems" classname="testcases.CartTests" time="0.46"/>
  <testcase name="testGetCartInDataRange" classname="testcases.CartTests" time="0.048"/>
  <testcase name="testGetCartItemsByUserId" classname="testcases.CartTests" time="0.515"/>
  <testcase name="testGetCartItemsById" classname="testcases.CartTests" time="0.104"/>
  <testcase name="testGetCartItemsWithLimit" classname="testcases.CartTests" time="0.446"/>
  <testcase name="testGetSortedInDesc" classname="testcases.CartTests" time="0.126"/>
  <testcase name="updateCart" classname="testcases.CartTests" time="0.468">
    <system-out><![CDATA[{
    "id": 1,
    "userId": 1,
    "date": 1759440082375
}
]]></system-out>
  </testcase>
  <testcase name="testSortedCartItemsInAsc" classname="testcases.CartTests" time="0.479"/>
  <testcase name="testValidLogin" classname="testcases.LoginTests" time="0.828">
    <system-out><![CDATA[{
    "token": "eyJhbGciOiJIUzI1NiIsInR5cCI6IkpXVCJ9.eyJzdWIiOjIsInVzZXIiOiJtb3JfMjMxNCIsImlhdCI6MTc1OTQ0MDA4M30.QDar9qOYgG3hc3b83Sr5Vlp8lHG6Sj6uCFcvBmY6Hzc"
}
Token is::eyJhbGciOiJIUzI1NiIsInR5cCI6IkpXVCJ9.eyJzdWIiOjIsInVzZXIiOiJtb3JfMjMxNCIsImlhdCI6MTc1OTQ0MDA4M30.QDar9qOYgG3hc3b83Sr5Vlp8lHG6Sj6uCFcvBmY6Hzc
]]></system-out>
  </testcase>
  <testcase name="testInvalidLogin" classname="testcases.LoginTests" time="1.248">
    <system-out><![CDATA[<html>
  <body>username or password is incorrect</body>
</html>
]]></system-out>
  </testcase>
</testsuite>